Building DAG of jobs...
Using shell: /usr/bin/bash
Provided cores: 1 (use --cores to define parallelism)
Rules claiming more threads will be scaled down.
Job counts:
	count	jobs
	1	vqsr_filter
	1

[Tue Nov 30 19:03:57 2021]
rule vqsr_filter:
    input: process/vars/L5977_S10_bwa_H37Rv_gatk_vqsr.vcf.gz
    output: process/vars/L5977_S10_bwa_H37Rv_gatk_vqsr_snps.vcf.gz, process/vars/L5977_S10_bwa_H37Rv_gatk_vqsrfilt.vcf.gz
    log: process/vars/L5977_S10_bwa_H37Rv_gatk_vqsrfilt.log
    jobid: 0
    wildcards: samp=L5977_S10, mapper=bwa, ref=H37Rv

19:04:01.212 INFO  NativeLibraryLoader - Loading libgkl_compression.so from jar:file:/home/kwalter/.conda/envs/snakemake/share/gatk4-4.1.4.1-1/gatk-package-4.1.4.1-local.jar!/com/intel/gkl/native/libgkl_compression.so
Nov 30, 2021 7:04:02 PM shaded.cloud_nio.com.google.auth.oauth2.ComputeEngineCredentials runningOnComputeEngine
INFO: Failed to detect whether we are running on Google Compute Engine.
19:04:02.378 INFO  SelectVariants - ------------------------------------------------------------
19:04:02.378 INFO  SelectVariants - The Genome Analysis Toolkit (GATK) v4.1.4.1
19:04:02.380 INFO  SelectVariants - For support and documentation go to https://software.broadinstitute.org/gatk/
19:04:02.380 INFO  SelectVariants - Executing as kwalter@cfx22885s-srcf-d11-05-east.scg.stanford.edu on Linux v3.10.0-1160.45.1.el7.x86_64 amd64
19:04:02.380 INFO  SelectVariants - Java runtime: OpenJDK 64-Bit Server VM v1.8.0_112-b16
19:04:02.380 INFO  SelectVariants - Start Date/Time: November 30, 2021 7:04:01 PM PST
19:04:02.380 INFO  SelectVariants - ------------------------------------------------------------
19:04:02.380 INFO  SelectVariants - ------------------------------------------------------------
19:04:02.380 INFO  SelectVariants - HTSJDK Version: 2.21.0
19:04:02.380 INFO  SelectVariants - Picard Version: 2.21.2
19:04:02.381 INFO  SelectVariants - HTSJDK Defaults.COMPRESSION_LEVEL : 2
19:04:02.381 INFO  SelectVariants - HTSJDK Defaults.USE_ASYNC_IO_READ_FOR_SAMTOOLS : false
19:04:02.385 INFO  SelectVariants - HTSJDK Defaults.USE_ASYNC_IO_WRITE_FOR_SAMTOOLS : true
19:04:02.385 INFO  SelectVariants - HTSJDK Defaults.USE_ASYNC_IO_WRITE_FOR_TRIBBLE : false
19:04:02.385 INFO  SelectVariants - Deflater: IntelDeflater
19:04:02.385 INFO  SelectVariants - Inflater: IntelInflater
19:04:02.385 INFO  SelectVariants - GCS max retries/reopens: 20
19:04:02.385 INFO  SelectVariants - Requester pays: disabled
19:04:02.385 INFO  SelectVariants - Initializing engine
19:04:02.979 INFO  FeatureManager - Using codec VCFCodec to read file file:///oak/stanford/scg/lab_jandr/walter/tb/capture/process/vars/L5977_S10_bwa_H37Rv_gatk_vqsr.vcf.gz
19:04:03.004 INFO  SelectVariants - Done initializing engine
19:04:03.088 INFO  ProgressMeter - Starting traversal
19:04:03.089 INFO  ProgressMeter -        Current Locus  Elapsed Minutes    Variants Processed  Variants/Minute
19:04:13.092 INFO  ProgressMeter -  NC_000962.3:2036348              0.2               2036000       12214778.5
19:04:19.057 INFO  ProgressMeter -  NC_000962.3:4410867              0.3               4410665       16574178.0
19:04:19.058 INFO  ProgressMeter - Traversal complete. Processed 4410665 total variants in 0.3 minutes.
19:04:19.069 INFO  SelectVariants - Shutting down engine
[November 30, 2021 7:04:19 PM PST] org.broadinstitute.hellbender.tools.walkers.variantutils.SelectVariants done. Elapsed time: 0.30 minutes.
Runtime.totalMemory()=3137863680
Using GATK jar /home/kwalter/.conda/envs/snakemake/share/gatk4-4.1.4.1-1/gatk-package-4.1.4.1-local.jar
Running:
    java -Dsamjdk.use_async_io_read_samtools=false -Dsamjdk.use_async_io_write_samtools=true -Dsamjdk.use_async_io_write_tribble=false -Dsamjdk.compression_level=2 -jar /home/kwalter/.conda/envs/snakemake/share/gatk4-4.1.4.1-1/gatk-package-4.1.4.1-local.jar SelectVariants -V process/vars/L5977_S10_bwa_H37Rv_gatk_vqsr.vcf.gz --select-type-to-exclude INDEL -O process/vars/L5977_S10_bwa_H37Rv_gatk_vqsr_snps.vcf.gz
[Tue Nov 30 19:04:40 2021]
Finished job 0.
1 of 1 steps (100%) done
runs are:  ['MT01_MtB_Baits-2021-10-06rerun2', 'MT01_MtB_Baits-2021-10-06rerun2', 'MT01_MtB_Baits-2021-10-06rerun2', 'MT01_MtB_Baits-2021-10-06rerun2', 'MT01_MtB_Baits-2021-10-06rerun2', 'MT01_MtB_Baits-2021-10-06rerun2', 'MT01_MtB_Baits-2021-10-06rerun2', 'MT01_MtB_Baits-2021-10-06rerun2', 'MT01_MtB_Baits-2021-10-06rerun2', 'MT01_MtB_Baits-2021-10-06rerun2', 'MT01_MtB_Baits-2021-10-06rerun2', 'MT01_MtB_Baits-2021-10-06rerun2', 'MT01_MtB_Baits-2021-10-06rerun2', 'MT01_MtB_Baits-2021-10-06rerun2', 'MT01_MtB_Baits-2021-10-06rerun2', 'MT01_MtB_Baits-2021-10-06rerun2', 'MT01_MtB_Baits-2021-10-06rerun2', 'MT01_MtB_Baits-2021-10-06rerun2', 'MT01_MtB_Baits-2021-10-06rerun2', 'MT01_MtB_Baits-2021-10-06rerun2', 'MT01_MtB_Baits-2021-10-06rerun2', 'MT01_MtB_Baits-2021-10-06rerun2', 'MT01_MtB_Baits-2021-10-06rerun2', 'MT01_MtB_Baits-2021-10-06rerun2', 'MT02_MTB_2021-10-29', 'MT02_MTB_2021-10-29', 'MT02_MTB_2021-10-29', 'MT02_MTB_2021-10-29', 'MT02_MTB_2021-10-29', 'MT02_MTB_2021-10-29', 'MT02_MTB_2021-10-29', 'MT02_MTB_2021-10-29', 'MT02_MTB_2021-10-29', 'MT02_MTB_2021-10-29', 'MT02_MTB_2021-10-29', 'MT02_MTB_2021-10-29', 'MT02_MTB_2021-10-29', 'MT02_MTB_2021-10-29', 'MT02_MTB_2021-10-29', 'MT02_MTB_2021-10-29', 'MT02_MTB_2021-10-29', 'MT02_MTB_2021-10-29', 'MT02_MTB_2021-10-29', 'MT02_MTB_2021-10-29', 'MT02_MTB_2021-10-29', 'MT02_MTB_2021-10-29', 'MT02_MTB_2021-10-29', 'MT02_MTB_2021-10-29', 'MT02_MTB_2021-10-29', 'MT02_MTB_2021-10-29', 'MT02_MTB_2021-10-29', 'MT02_MTB_2021-10-29', 'MT02_MTB_2021-10-29', 'MT02_MTB_2021-10-29', 'MT02_MTB_2021-10-29', 'MT02_MTB_2021-10-29', 'MT01_MtB_Baits-2021-09-17', 'MT01_MtB_Baits-2021-09-17', 'MT01_MtB_Baits-2021-09-17', 'MT01_MtB_Baits-2021-09-17', 'MT01_MtB_Baits-2021-09-17', 'MT01_MtB_Baits-2021-09-17', 'MT01_MtB_Baits-2021-09-17', 'MT01_MtB_Baits-2021-09-17', 'MT01_MtB_Baits-2021-09-17', 'MT01_MtB_Baits-2021-09-17', 'MT01_MtB_Baits-2021-09-17', 'MT01_MtB_Baits-2021-09-17', 'MT01_MtB_Baits-2021-09-17', 'MT01_MtB_Baits-2021-09-17', 'MT01_MtB_Baits-2021-09-17', 'MT01_MtB_Baits-2021-09-17', 'MT01_MtB_Baits-2021-09-17', 'MT01_MtB_Baits-2021-09-17', 'MT01_MtB_Baits-2021-09-17', 'MT01_MtB_Baits-2021-09-17', 'MT01_MtB_Baits-2021-09-17', 'MT01_MtB_Baits-2021-09-17', 'MT01_MtB_Baits-2021-10-01rerun2', 'MT01_MtB_Baits-2021-10-01rerun2', 'MT01_MtB_Baits-2021-10-01rerun2', 'MT01_MtB_Baits-2021-10-01rerun2', 'MT01_MtB_Baits-2021-10-01rerun2', 'MT01_MtB_Baits-2021-10-01rerun2', 'MT01_MtB_Baits-2021-10-01rerun2', 'MT01_MtB_Baits-2021-10-01rerun2', 'MT01_MtB_Baits-2021-10-01rerun2', 'MT01_MtB_Baits-2021-10-01rerun2', 'MT01_MtB_Baits-2021-10-01rerun2', 'MT01_MtB_Baits-2021-10-01rerun2', 'MT01_MtB_Baits-2021-10-01rerun2', 'MT01_MtB_Baits-2021-10-01rerun2', 'MT01_MtB_Baits-2021-10-01rerun2', 'MT01_MtB_Baits-2021-10-01rerun2', 'MT01_MtB_Baits-2021-10-01rerun2', 'MT01_MtB_Baits-2021-10-01rerun2', 'MT01_MtB_Baits-2021-10-01rerun2', 'MT01_MtB_Baits-2021-10-01rerun2', 'MT01_MtB_Baits-2021-10-01rerun2', 'MT01_MtB_Baits-2021-10-01rerun2', 'MT01_MtB_Baits-2021-10-01rerun2', 'MT01_MtB_Baits-2021-10-01rerun2']
samples are:  ['7033_S18', '8328-BC_S9', '5346_S12', '4514-lighter-384_S5', '8020-sputum_S11', '22-1545_S21', '10561-Room_S8', '7067_S20', '10561-BC_S6', '6470_S16', '4514-food_S4', 'H37RV_S1', '5797_S14', 'SHTBRm2_S3', '5720_S13', '34-5748_S23', '35-6968_S24', 'SHTBRm1_S2', '23-5747_S22', '8328-Food_S10', '10561-Food_S7', '6150_S15', '7027_S17', '7056_S19', 'L5793_S5', 'L5010_S17', '6752_S25', 'L5005_S22', 'L4187_S14', '6547_S27', '7078_S3', '14-346661_S19', '3956_S31', '5014_S23', 'L5639_S9', 'L5977_S10', 'L4404_S4', 'L5938_S12', '611_S29', 'L3947_S15', 'L4378_S18', 'L5011_S16', '6472_S26', 'L5928_S7', '7162_S32', '6091_S30', 'L5693_S11', 'L4104_S21', '6934_S2', '7432_S28', 'L55555_S8', '1734_S20', 'L4426_S13', '1250_S24', 'L5853_S6', '7021_S1', '7033_S18', '8328-BC_S9', '5346_S12', '4514-lighter-384_S5', '8020-sputum_S11', '22-1545_S21', '7067_S20', '6470_S16', '4514-food_S4', 'H37RV_S1', '5797_S14', '5720_S13', '34-5748_S23', '35-6968_S24', '23-5747_S22', '8328-Food_S10', '10561-Food_S7', 'TBIRm1_S2', '6150_S15', '7027_S17', '7056_S19', 'TBIRm2_S3', '7033_S18', '8328-BC_S9', '5346_S12', '4514-lighter-384_S5', '8020-sputum_S11', '22-1545_S21', '10561-Room_S8', '7067_S20', '10561-BC_S6', '6470_S16', '4514-food_S4', 'H37RV_S1', '5797_S14', 'SHTBRm2_S3', '5720_S13', '34-5748_S23', '35-6968_S24', 'SHTBRm1_S2', '23-5747_S22', '8328-Food_S10', '10561-Food_S7', '6150_S15', '7027_S17', '7056_S19']
