Building DAG of jobs...
Using shell: /usr/bin/bash
Provided cores: 1 (use --cores to define parallelism)
Rules claiming more threads will be scaled down.
Job counts:
	count	jobs
	1	gatk_call
	1

[Tue Nov 30 18:54:57 2021]
rule gatk_call:
    input: /labs/jandr/walter/tb/data/refs/H37Rv.fa, process/bams/8020-sputum_S11_bwa_H37Rv.merged.rmdup.bam
    output: process/vars/8020-sputum_S11_bwa_H37Rv_gatk.vcf.gz
    log: process/vars/8020-sputum_S11_bwa_H37Rv_gatk.log
    jobid: 0
    wildcards: samp=8020-sputum_S11, mapper=bwa, ref=H37Rv

[Tue Nov 30 18:59:25 2021]
Finished job 0.
1 of 1 steps (100%) done
runs are:  ['MT01_MtB_Baits-2021-10-06rerun2', 'MT01_MtB_Baits-2021-10-06rerun2', 'MT01_MtB_Baits-2021-10-06rerun2', 'MT01_MtB_Baits-2021-10-06rerun2', 'MT01_MtB_Baits-2021-10-06rerun2', 'MT01_MtB_Baits-2021-10-06rerun2', 'MT01_MtB_Baits-2021-10-06rerun2', 'MT01_MtB_Baits-2021-10-06rerun2', 'MT01_MtB_Baits-2021-10-06rerun2', 'MT01_MtB_Baits-2021-10-06rerun2', 'MT01_MtB_Baits-2021-10-06rerun2', 'MT01_MtB_Baits-2021-10-06rerun2', 'MT01_MtB_Baits-2021-10-06rerun2', 'MT01_MtB_Baits-2021-10-06rerun2', 'MT01_MtB_Baits-2021-10-06rerun2', 'MT01_MtB_Baits-2021-10-06rerun2', 'MT01_MtB_Baits-2021-10-06rerun2', 'MT01_MtB_Baits-2021-10-06rerun2', 'MT01_MtB_Baits-2021-10-06rerun2', 'MT01_MtB_Baits-2021-10-06rerun2', 'MT01_MtB_Baits-2021-10-06rerun2', 'MT01_MtB_Baits-2021-10-06rerun2', 'MT01_MtB_Baits-2021-10-06rerun2', 'MT01_MtB_Baits-2021-10-06rerun2', 'MT02_MTB_2021-10-29', 'MT02_MTB_2021-10-29', 'MT02_MTB_2021-10-29', 'MT02_MTB_2021-10-29', 'MT02_MTB_2021-10-29', 'MT02_MTB_2021-10-29', 'MT02_MTB_2021-10-29', 'MT02_MTB_2021-10-29', 'MT02_MTB_2021-10-29', 'MT02_MTB_2021-10-29', 'MT02_MTB_2021-10-29', 'MT02_MTB_2021-10-29', 'MT02_MTB_2021-10-29', 'MT02_MTB_2021-10-29', 'MT02_MTB_2021-10-29', 'MT02_MTB_2021-10-29', 'MT02_MTB_2021-10-29', 'MT02_MTB_2021-10-29', 'MT02_MTB_2021-10-29', 'MT02_MTB_2021-10-29', 'MT02_MTB_2021-10-29', 'MT02_MTB_2021-10-29', 'MT02_MTB_2021-10-29', 'MT02_MTB_2021-10-29', 'MT02_MTB_2021-10-29', 'MT02_MTB_2021-10-29', 'MT02_MTB_2021-10-29', 'MT02_MTB_2021-10-29', 'MT02_MTB_2021-10-29', 'MT02_MTB_2021-10-29', 'MT02_MTB_2021-10-29', 'MT02_MTB_2021-10-29', 'MT01_MtB_Baits-2021-09-17', 'MT01_MtB_Baits-2021-09-17', 'MT01_MtB_Baits-2021-09-17', 'MT01_MtB_Baits-2021-09-17', 'MT01_MtB_Baits-2021-09-17', 'MT01_MtB_Baits-2021-09-17', 'MT01_MtB_Baits-2021-09-17', 'MT01_MtB_Baits-2021-09-17', 'MT01_MtB_Baits-2021-09-17', 'MT01_MtB_Baits-2021-09-17', 'MT01_MtB_Baits-2021-09-17', 'MT01_MtB_Baits-2021-09-17', 'MT01_MtB_Baits-2021-09-17', 'MT01_MtB_Baits-2021-09-17', 'MT01_MtB_Baits-2021-09-17', 'MT01_MtB_Baits-2021-09-17', 'MT01_MtB_Baits-2021-09-17', 'MT01_MtB_Baits-2021-09-17', 'MT01_MtB_Baits-2021-09-17', 'MT01_MtB_Baits-2021-09-17', 'MT01_MtB_Baits-2021-09-17', 'MT01_MtB_Baits-2021-09-17', 'MT01_MtB_Baits-2021-10-01rerun2', 'MT01_MtB_Baits-2021-10-01rerun2', 'MT01_MtB_Baits-2021-10-01rerun2', 'MT01_MtB_Baits-2021-10-01rerun2', 'MT01_MtB_Baits-2021-10-01rerun2', 'MT01_MtB_Baits-2021-10-01rerun2', 'MT01_MtB_Baits-2021-10-01rerun2', 'MT01_MtB_Baits-2021-10-01rerun2', 'MT01_MtB_Baits-2021-10-01rerun2', 'MT01_MtB_Baits-2021-10-01rerun2', 'MT01_MtB_Baits-2021-10-01rerun2', 'MT01_MtB_Baits-2021-10-01rerun2', 'MT01_MtB_Baits-2021-10-01rerun2', 'MT01_MtB_Baits-2021-10-01rerun2', 'MT01_MtB_Baits-2021-10-01rerun2', 'MT01_MtB_Baits-2021-10-01rerun2', 'MT01_MtB_Baits-2021-10-01rerun2', 'MT01_MtB_Baits-2021-10-01rerun2', 'MT01_MtB_Baits-2021-10-01rerun2', 'MT01_MtB_Baits-2021-10-01rerun2', 'MT01_MtB_Baits-2021-10-01rerun2', 'MT01_MtB_Baits-2021-10-01rerun2', 'MT01_MtB_Baits-2021-10-01rerun2', 'MT01_MtB_Baits-2021-10-01rerun2']
samples are:  ['7033_S18', '8328-BC_S9', '5346_S12', '4514-lighter-384_S5', '8020-sputum_S11', '22-1545_S21', '10561-Room_S8', '7067_S20', '10561-BC_S6', '6470_S16', '4514-food_S4', 'H37RV_S1', '5797_S14', 'SHTBRm2_S3', '5720_S13', '34-5748_S23', '35-6968_S24', 'SHTBRm1_S2', '23-5747_S22', '8328-Food_S10', '10561-Food_S7', '6150_S15', '7027_S17', '7056_S19', 'L5793_S5', 'L5010_S17', '6752_S25', 'L5005_S22', 'L4187_S14', '6547_S27', '7078_S3', '14-346661_S19', '3956_S31', '5014_S23', 'L5639_S9', 'L5977_S10', 'L4404_S4', 'L5938_S12', '611_S29', 'L3947_S15', 'L4378_S18', 'L5011_S16', '6472_S26', 'L5928_S7', '7162_S32', '6091_S30', 'L5693_S11', 'L4104_S21', '6934_S2', '7432_S28', 'L55555_S8', '1734_S20', 'L4426_S13', '1250_S24', 'L5853_S6', '7021_S1', '7033_S18', '8328-BC_S9', '5346_S12', '4514-lighter-384_S5', '8020-sputum_S11', '22-1545_S21', '7067_S20', '6470_S16', '4514-food_S4', 'H37RV_S1', '5797_S14', '5720_S13', '34-5748_S23', '35-6968_S24', '23-5747_S22', '8328-Food_S10', '10561-Food_S7', 'TBIRm1_S2', '6150_S15', '7027_S17', '7056_S19', 'TBIRm2_S3', '7033_S18', '8328-BC_S9', '5346_S12', '4514-lighter-384_S5', '8020-sputum_S11', '22-1545_S21', '10561-Room_S8', '7067_S20', '10561-BC_S6', '6470_S16', '4514-food_S4', 'H37RV_S1', '5797_S14', 'SHTBRm2_S3', '5720_S13', '34-5748_S23', '35-6968_S24', 'SHTBRm1_S2', '23-5747_S22', '8328-Food_S10', '10561-Food_S7', '6150_S15', '7027_S17', '7056_S19']
