Building DAG of jobs...
Using shell: /usr/bin/bash
Provided cores: 1 (use --cores to define parallelism)
Rules claiming more threads will be scaled down.
Job counts:
	count	jobs
	1	hard_filter
	1

[Tue Nov 30 19:02:57 2021]
rule hard_filter:
    input: process/vars/L4426_S13_bwa_H37Rv_gatk.vcf.gz
    output: process/vars/L4426_S13_bwa_H37Rv_gatk_snps.vcf.gz, process/vars/L4426_S13_bwa_H37Rv_gatk_qfilt.vcf.gz
    log: process/vars/L4426_S13_bwa_H37Rv_gatk_qfilt_stats.log
    jobid: 0
    wildcards: samp=L4426_S13, mapper=bwa, ref=H37Rv

19:03:01.268 INFO  NativeLibraryLoader - Loading libgkl_compression.so from jar:file:/home/kwalter/.conda/envs/snakemake/share/gatk4-4.1.4.1-1/gatk-package-4.1.4.1-local.jar!/com/intel/gkl/native/libgkl_compression.so
Nov 30, 2021 7:03:02 PM shaded.cloud_nio.com.google.auth.oauth2.ComputeEngineCredentials runningOnComputeEngine
INFO: Failed to detect whether we are running on Google Compute Engine.
19:03:02.383 INFO  SelectVariants - ------------------------------------------------------------
19:03:02.384 INFO  SelectVariants - The Genome Analysis Toolkit (GATK) v4.1.4.1
19:03:02.384 INFO  SelectVariants - For support and documentation go to https://software.broadinstitute.org/gatk/
19:03:02.384 INFO  SelectVariants - Executing as kwalter@cfx22885s-srcf-d11-09-west.scg.stanford.edu on Linux v3.10.0-1160.45.1.el7.x86_64 amd64
19:03:02.384 INFO  SelectVariants - Java runtime: OpenJDK 64-Bit Server VM v1.8.0_112-b16
19:03:02.384 INFO  SelectVariants - Start Date/Time: November 30, 2021 7:03:01 PM PST
19:03:02.384 INFO  SelectVariants - ------------------------------------------------------------
19:03:02.384 INFO  SelectVariants - ------------------------------------------------------------
19:03:02.385 INFO  SelectVariants - HTSJDK Version: 2.21.0
19:03:02.385 INFO  SelectVariants - Picard Version: 2.21.2
19:03:02.385 INFO  SelectVariants - HTSJDK Defaults.COMPRESSION_LEVEL : 2
19:03:02.385 INFO  SelectVariants - HTSJDK Defaults.USE_ASYNC_IO_READ_FOR_SAMTOOLS : false
19:03:02.385 INFO  SelectVariants - HTSJDK Defaults.USE_ASYNC_IO_WRITE_FOR_SAMTOOLS : true
19:03:02.385 INFO  SelectVariants - HTSJDK Defaults.USE_ASYNC_IO_WRITE_FOR_TRIBBLE : false
19:03:02.385 INFO  SelectVariants - Deflater: IntelDeflater
19:03:02.385 INFO  SelectVariants - Inflater: IntelInflater
19:03:02.385 INFO  SelectVariants - GCS max retries/reopens: 20
19:03:02.385 INFO  SelectVariants - Requester pays: disabled
19:03:02.385 INFO  SelectVariants - Initializing engine
19:03:02.947 INFO  FeatureManager - Using codec VCFCodec to read file file:///oak/stanford/scg/lab_jandr/walter/tb/capture/process/vars/L4426_S13_bwa_H37Rv_gatk.vcf.gz
19:03:02.970 INFO  SelectVariants - Done initializing engine
19:03:03.037 INFO  ProgressMeter - Starting traversal
19:03:03.037 INFO  ProgressMeter -        Current Locus  Elapsed Minutes    Variants Processed  Variants/Minute
19:03:13.040 INFO  ProgressMeter -  NC_000962.3:1972494              0.2               1972000       11832000.0
19:03:23.940 INFO  ProgressMeter -  NC_000962.3:3718875              0.3               3718000       10675727.4
19:03:33.941 INFO  ProgressMeter -  NC_000962.3:3719875              0.5               3719000        7220891.9
19:03:53.933 INFO  ProgressMeter -  NC_000962.3:3722875              0.8               3722000        4387943.6
19:04:03.944 INFO  ProgressMeter -  NC_000962.3:3723875              1.0               3723000        3667679.2
19:04:20.384 INFO  ProgressMeter -  NC_000962.3:3724875              1.3               3724000        2888874.5
19:04:23.493 INFO  ProgressMeter -  NC_000962.3:4410991              1.3               4410541        3289239.3
19:04:23.494 INFO  ProgressMeter - Traversal complete. Processed 4410541 total variants in 1.3 minutes.
19:04:23.567 INFO  SelectVariants - Shutting down engine
[November 30, 2021 7:04:23 PM PST] org.broadinstitute.hellbender.tools.walkers.variantutils.SelectVariants done. Elapsed time: 1.37 minutes.
Runtime.totalMemory()=3347054592
Using GATK jar /home/kwalter/.conda/envs/snakemake/share/gatk4-4.1.4.1-1/gatk-package-4.1.4.1-local.jar
Running:
    java -Dsamjdk.use_async_io_read_samtools=false -Dsamjdk.use_async_io_write_samtools=true -Dsamjdk.use_async_io_write_tribble=false -Dsamjdk.compression_level=2 -jar /home/kwalter/.conda/envs/snakemake/share/gatk4-4.1.4.1-1/gatk-package-4.1.4.1-local.jar SelectVariants -V process/vars/L4426_S13_bwa_H37Rv_gatk.vcf.gz --select-type-to-exclude INDEL -O process/vars/L4426_S13_bwa_H37Rv_gatk_snps.vcf.gz
[Tue Nov 30 19:04:46 2021]
Finished job 0.
1 of 1 steps (100%) done
runs are:  ['MT01_MtB_Baits-2021-10-06rerun2', 'MT01_MtB_Baits-2021-10-06rerun2', 'MT01_MtB_Baits-2021-10-06rerun2', 'MT01_MtB_Baits-2021-10-06rerun2', 'MT01_MtB_Baits-2021-10-06rerun2', 'MT01_MtB_Baits-2021-10-06rerun2', 'MT01_MtB_Baits-2021-10-06rerun2', 'MT01_MtB_Baits-2021-10-06rerun2', 'MT01_MtB_Baits-2021-10-06rerun2', 'MT01_MtB_Baits-2021-10-06rerun2', 'MT01_MtB_Baits-2021-10-06rerun2', 'MT01_MtB_Baits-2021-10-06rerun2', 'MT01_MtB_Baits-2021-10-06rerun2', 'MT01_MtB_Baits-2021-10-06rerun2', 'MT01_MtB_Baits-2021-10-06rerun2', 'MT01_MtB_Baits-2021-10-06rerun2', 'MT01_MtB_Baits-2021-10-06rerun2', 'MT01_MtB_Baits-2021-10-06rerun2', 'MT01_MtB_Baits-2021-10-06rerun2', 'MT01_MtB_Baits-2021-10-06rerun2', 'MT01_MtB_Baits-2021-10-06rerun2', 'MT01_MtB_Baits-2021-10-06rerun2', 'MT01_MtB_Baits-2021-10-06rerun2', 'MT01_MtB_Baits-2021-10-06rerun2', 'MT02_MTB_2021-10-29', 'MT02_MTB_2021-10-29', 'MT02_MTB_2021-10-29', 'MT02_MTB_2021-10-29', 'MT02_MTB_2021-10-29', 'MT02_MTB_2021-10-29', 'MT02_MTB_2021-10-29', 'MT02_MTB_2021-10-29', 'MT02_MTB_2021-10-29', 'MT02_MTB_2021-10-29', 'MT02_MTB_2021-10-29', 'MT02_MTB_2021-10-29', 'MT02_MTB_2021-10-29', 'MT02_MTB_2021-10-29', 'MT02_MTB_2021-10-29', 'MT02_MTB_2021-10-29', 'MT02_MTB_2021-10-29', 'MT02_MTB_2021-10-29', 'MT02_MTB_2021-10-29', 'MT02_MTB_2021-10-29', 'MT02_MTB_2021-10-29', 'MT02_MTB_2021-10-29', 'MT02_MTB_2021-10-29', 'MT02_MTB_2021-10-29', 'MT02_MTB_2021-10-29', 'MT02_MTB_2021-10-29', 'MT02_MTB_2021-10-29', 'MT02_MTB_2021-10-29', 'MT02_MTB_2021-10-29', 'MT02_MTB_2021-10-29', 'MT02_MTB_2021-10-29', 'MT02_MTB_2021-10-29', 'MT01_MtB_Baits-2021-09-17', 'MT01_MtB_Baits-2021-09-17', 'MT01_MtB_Baits-2021-09-17', 'MT01_MtB_Baits-2021-09-17', 'MT01_MtB_Baits-2021-09-17', 'MT01_MtB_Baits-2021-09-17', 'MT01_MtB_Baits-2021-09-17', 'MT01_MtB_Baits-2021-09-17', 'MT01_MtB_Baits-2021-09-17', 'MT01_MtB_Baits-2021-09-17', 'MT01_MtB_Baits-2021-09-17', 'MT01_MtB_Baits-2021-09-17', 'MT01_MtB_Baits-2021-09-17', 'MT01_MtB_Baits-2021-09-17', 'MT01_MtB_Baits-2021-09-17', 'MT01_MtB_Baits-2021-09-17', 'MT01_MtB_Baits-2021-09-17', 'MT01_MtB_Baits-2021-09-17', 'MT01_MtB_Baits-2021-09-17', 'MT01_MtB_Baits-2021-09-17', 'MT01_MtB_Baits-2021-09-17', 'MT01_MtB_Baits-2021-09-17', 'MT01_MtB_Baits-2021-10-01rerun2', 'MT01_MtB_Baits-2021-10-01rerun2', 'MT01_MtB_Baits-2021-10-01rerun2', 'MT01_MtB_Baits-2021-10-01rerun2', 'MT01_MtB_Baits-2021-10-01rerun2', 'MT01_MtB_Baits-2021-10-01rerun2', 'MT01_MtB_Baits-2021-10-01rerun2', 'MT01_MtB_Baits-2021-10-01rerun2', 'MT01_MtB_Baits-2021-10-01rerun2', 'MT01_MtB_Baits-2021-10-01rerun2', 'MT01_MtB_Baits-2021-10-01rerun2', 'MT01_MtB_Baits-2021-10-01rerun2', 'MT01_MtB_Baits-2021-10-01rerun2', 'MT01_MtB_Baits-2021-10-01rerun2', 'MT01_MtB_Baits-2021-10-01rerun2', 'MT01_MtB_Baits-2021-10-01rerun2', 'MT01_MtB_Baits-2021-10-01rerun2', 'MT01_MtB_Baits-2021-10-01rerun2', 'MT01_MtB_Baits-2021-10-01rerun2', 'MT01_MtB_Baits-2021-10-01rerun2', 'MT01_MtB_Baits-2021-10-01rerun2', 'MT01_MtB_Baits-2021-10-01rerun2', 'MT01_MtB_Baits-2021-10-01rerun2', 'MT01_MtB_Baits-2021-10-01rerun2']
samples are:  ['7033_S18', '8328-BC_S9', '5346_S12', '4514-lighter-384_S5', '8020-sputum_S11', '22-1545_S21', '10561-Room_S8', '7067_S20', '10561-BC_S6', '6470_S16', '4514-food_S4', 'H37RV_S1', '5797_S14', 'SHTBRm2_S3', '5720_S13', '34-5748_S23', '35-6968_S24', 'SHTBRm1_S2', '23-5747_S22', '8328-Food_S10', '10561-Food_S7', '6150_S15', '7027_S17', '7056_S19', 'L5793_S5', 'L5010_S17', '6752_S25', 'L5005_S22', 'L4187_S14', '6547_S27', '7078_S3', '14-346661_S19', '3956_S31', '5014_S23', 'L5639_S9', 'L5977_S10', 'L4404_S4', 'L5938_S12', '611_S29', 'L3947_S15', 'L4378_S18', 'L5011_S16', '6472_S26', 'L5928_S7', '7162_S32', '6091_S30', 'L5693_S11', 'L4104_S21', '6934_S2', '7432_S28', 'L55555_S8', '1734_S20', 'L4426_S13', '1250_S24', 'L5853_S6', '7021_S1', '7033_S18', '8328-BC_S9', '5346_S12', '4514-lighter-384_S5', '8020-sputum_S11', '22-1545_S21', '7067_S20', '6470_S16', '4514-food_S4', 'H37RV_S1', '5797_S14', '5720_S13', '34-5748_S23', '35-6968_S24', '23-5747_S22', '8328-Food_S10', '10561-Food_S7', 'TBIRm1_S2', '6150_S15', '7027_S17', '7056_S19', 'TBIRm2_S3', '7033_S18', '8328-BC_S9', '5346_S12', '4514-lighter-384_S5', '8020-sputum_S11', '22-1545_S21', '10561-Room_S8', '7067_S20', '10561-BC_S6', '6470_S16', '4514-food_S4', 'H37RV_S1', '5797_S14', 'SHTBRm2_S3', '5720_S13', '34-5748_S23', '35-6968_S24', 'SHTBRm1_S2', '23-5747_S22', '8328-Food_S10', '10561-Food_S7', '6150_S15', '7027_S17', '7056_S19']
